<?xml version="1.0" encoding="UTF-8"?>
<!-- Generated by org.testng.reporters.JUnitReportReporter -->
<testsuite skipped="0" hostname="xingzhijingdeMacBook-Pro.local" name="com.xzj.base1.TestParams" tests="1" failures="0" timestamp="2022-03-18T15:39:33 CST" time="0.004" errors="0">
  <testcase name="add" time="0.004" classname="com.xzj.base1.TestParams"/>
  <system-out/>
</testsuite> <!-- com.xzj.base1.TestParams -->
