<?xml version="1.0" encoding="UTF-8"?>
<testsuite xmlns:xsi="http://www.w3.org/2001/XMLSchema-instance" xsi:noNamespaceSchemaLocation="https://maven.apache.org/surefire/maven-surefire-plugin/xsd/surefire-test-report.xsd" name="TestSuite" time="0.351" tests="1" errors="0" skipped="0" failures="0">
  <properties>
    <property name="gopherProxySet" value="false"/>
    <property name="awt.toolkit" value="sun.lwawt.macosx.LWCToolkit"/>
    <property name="file.encoding.pkg" value="sun.io"/>
    <property name="java.specification.version" value="1.8"/>
    <property name="sun.cpu.isalist" value=""/>
    <property name="sun.jnu.encoding" value="UTF-8"/>
    <property name="java.class.path" value="/Users/xzj/Desktop/projects/testng-project/test-base/target/test-classes:/Users/xzj/Desktop/projects/testng-project/test-base/target/classes:/Users/xzj/.m2/repository/org/springframework/spring-web/5.3.9/spring-web-5.3.9.jar:/Users/xzj/.m2/repository/org/springframework/spring-beans/5.3.9/spring-beans-5.3.9.jar:/Users/xzj/.m2/repository/org/springframework/spring-core/5.3.9/spring-core-5.3.9.jar:/Users/xzj/.m2/repository/org/springframework/spring-jcl/5.3.9/spring-jcl-5.3.9.jar:/Users/xzj/.m2/repository/org/testng/testng/7.4.0/testng-7.4.0.jar:/Users/xzj/.m2/repository/com/beust/jcommander/1.78/jcommander-1.78.jar:/Users/xzj/.m2/repository/org/webjars/jquery/3.5.1/jquery-3.5.1.jar:"/>
    <property name="java.vm.vendor" value="Oracle Corporation"/>
    <property name="sun.arch.data.model" value="64"/>
    <property name="java.vendor.url" value="http://java.oracle.com/"/>
    <property name="user.timezone" value=""/>
    <property name="java.vm.specification.version" value="1.8"/>
    <property name="os.name" value="Mac OS X"/>
    <property name="user.country" value="CN"/>
    <property name="sun.java.launcher" value="SUN_STANDARD"/>
    <property name="sun.boot.library.path" value="/usr/local/Cellar/openjdk@8/1.8.0+275/libexec/openjdk.jdk/Contents/Home/jre/lib"/>
    <property name="sun.java.command" value="/Users/xzj/Desktop/projects/testng-project/test-base/target/surefire/surefirebooter2365459440303154335.jar /Users/xzj/Desktop/projects/testng-project/test-base/target/surefire 2022-03-18T15-39-27_919-jvmRun1 surefire4120868273933304686tmp surefire_02173274672383903249tmp"/>
    <property name="surefire.test.class.path" value="/Users/xzj/Desktop/projects/testng-project/test-base/target/test-classes:/Users/xzj/Desktop/projects/testng-project/test-base/target/classes:/Users/xzj/.m2/repository/org/springframework/spring-web/5.3.9/spring-web-5.3.9.jar:/Users/xzj/.m2/repository/org/springframework/spring-beans/5.3.9/spring-beans-5.3.9.jar:/Users/xzj/.m2/repository/org/springframework/spring-core/5.3.9/spring-core-5.3.9.jar:/Users/xzj/.m2/repository/org/springframework/spring-jcl/5.3.9/spring-jcl-5.3.9.jar:/Users/xzj/.m2/repository/org/testng/testng/7.4.0/testng-7.4.0.jar:/Users/xzj/.m2/repository/com/beust/jcommander/1.78/jcommander-1.78.jar:/Users/xzj/.m2/repository/org/webjars/jquery/3.5.1/jquery-3.5.1.jar:"/>
    <property name="sun.cpu.endian" value="little"/>
    <property name="user.home" value="/Users/xzj"/>
    <property name="user.language" value="zh"/>
    <property name="java.specification.vendor" value="Oracle Corporation"/>
    <property name="java.home" value="/usr/local/Cellar/openjdk@8/1.8.0+275/libexec/openjdk.jdk/Contents/Home/jre"/>
    <property name="basedir" value="/Users/xzj/Desktop/projects/testng-project/test-base"/>
    <property name="file.separator" value="/"/>
    <property name="line.separator" value="&#10;"/>
    <property name="java.vm.specification.vendor" value="Oracle Corporation"/>
    <property name="java.specification.name" value="Java Platform API Specification"/>
    <property name="java.awt.graphicsenv" value="sun.awt.CGraphicsEnvironment"/>
    <property name="surefire.real.class.path" value="/Users/xzj/Desktop/projects/testng-project/test-base/target/surefire/surefirebooter2365459440303154335.jar"/>
    <property name="sun.boot.class.path" value="/usr/local/Cellar/openjdk@8/1.8.0+275/libexec/openjdk.jdk/Contents/Home/jre/lib/resources.jar:/usr/local/Cellar/openjdk@8/1.8.0+275/libexec/openjdk.jdk/Contents/Home/jre/lib/rt.jar:/usr/local/Cellar/openjdk@8/1.8.0+275/libexec/openjdk.jdk/Contents/Home/jre/lib/sunrsasign.jar:/usr/local/Cellar/openjdk@8/1.8.0+275/libexec/openjdk.jdk/Contents/Home/jre/lib/jsse.jar:/usr/local/Cellar/openjdk@8/1.8.0+275/libexec/openjdk.jdk/Contents/Home/jre/lib/jce.jar:/usr/local/Cellar/openjdk@8/1.8.0+275/libexec/openjdk.jdk/Contents/Home/jre/lib/charsets.jar:/usr/local/Cellar/openjdk@8/1.8.0+275/libexec/openjdk.jdk/Contents/Home/jre/lib/jfr.jar:/usr/local/Cellar/openjdk@8/1.8.0+275/libexec/openjdk.jdk/Contents/Home/jre/classes"/>
    <property name="sun.management.compiler" value="HotSpot 64-Bit Tiered Compilers"/>
    <property name="java.runtime.version" value="1.8.0_275-bre_2020_11_16_15_09-b00"/>
    <property name="user.name" value="xzj"/>
    <property name="path.separator" value=":"/>
    <property name="os.version" value="12.0.1"/>
    <property name="java.endorsed.dirs" value="/usr/local/Cellar/openjdk@8/1.8.0+275/libexec/openjdk.jdk/Contents/Home/jre/lib/endorsed"/>
    <property name="java.runtime.name" value="OpenJDK Runtime Environment"/>
    <property name="file.encoding" value="UTF-8"/>
    <property name="java.vm.name" value="OpenJDK 64-Bit Server VM"/>
    <property name="localRepository" value="/Users/xzj/.m2/repository"/>
    <property name="java.vendor.url.bug" value="http://bugreport.sun.com/bugreport/"/>
    <property name="java.io.tmpdir" value="/var/folders/gt/vpd67y8n6h75x_g77b3r22lc0000gn/T/"/>
    <property name="java.version" value="1.8.0_275"/>
    <property name="user.dir" value="/Users/xzj/Desktop/projects/testng-project/test-base"/>
    <property name="os.arch" value="x86_64"/>
    <property name="java.vm.specification.name" value="Java Virtual Machine Specification"/>
    <property name="java.awt.printerjob" value="sun.lwawt.macosx.CPrinterJob"/>
    <property name="sun.os.patch.level" value="unknown"/>
    <property name="java.library.path" value="/Users/xzj/Library/Java/Extensions:/Library/Java/Extensions:/Network/Library/Java/Extensions:/System/Library/Java/Extensions:/usr/lib/java:."/>
    <property name="java.vm.info" value="mixed mode"/>
    <property name="java.vendor" value="Oracle Corporation"/>
    <property name="java.vm.version" value="25.275-b00"/>
    <property name="java.ext.dirs" value="/Users/xzj/Library/Java/Extensions:/usr/local/Cellar/openjdk@8/1.8.0+275/libexec/openjdk.jdk/Contents/Home/jre/lib/ext:/Library/Java/Extensions:/Network/Library/Java/Extensions:/System/Library/Java/Extensions:/usr/lib/java"/>
    <property name="sun.io.unicode.encoding" value="UnicodeBig"/>
    <property name="java.class.version" value="52.0"/>
  </properties>
  <testcase name="add" classname="com.xzj.base1.TestParams" time="0.004"/>
</testsuite>